============================= test session starts ==============================
platform darwin -- Python 3.14.3, pytest-9.0.2, pluggy-1.6.0 -- /usr/local/opt/python@3.14/bin/python3.14
cachedir: .pytest_cache
rootdir: /Users/waheebmahmoud/dev/petcare-evidence-repository/petcare_runtime
collecting ... collected 21 items

tests/test_ep04_wave01.py::test_prescription_authorization_requires_veterinarian_role PASSED [  4%]
tests/test_ep04_wave01.py::test_prescription_authorization_requires_signed_note PASSED [  9%]
tests/test_ep04_wave01.py::test_authorization_adds_advisory_safety_warnings_without_blocking PASSED [ 14%]
tests/test_ep04_wave01.py::test_lifecycle_progresses_draft_to_authorized_to_submitted_to_dispensed PASSED [ 19%]
tests/test_ep04_wave01.py::test_queue_boundary_returns_authorized_and_submitted_in_deterministic_order PASSED [ 23%]
tests/test_ep04_wave01.py::test_cancel_prevents_post_dispense_mutation PASSED [ 28%]
tests/test_ep04_wave01.py::test_audit_contract_contains_expected_events PASSED [ 33%]
tests/test_ep04_wave02.py::test_dose_guardrail_warning PASSED            [ 38%]
tests/test_ep04_wave02.py::test_dose_guardrail_not_added_for_normal_dosage PASSED [ 42%]
tests/test_ep04_wave02.py::test_contraindication_warning_for_steroid PASSED [ 47%]
tests/test_ep04_wave02.py::test_no_contraindication_for_non_steroid PASSED [ 52%]
tests/test_ep04_wave02.py::test_read_model_deterministic PASSED          [ 57%]
tests/test_ep04_wave02.py::test_list_prescriptions_sorted PASSED         [ 61%]
tests/test_ep04_wave03.py::test_build_dose_context_is_deterministic PASSED [ 66%]
tests/test_ep04_wave03.py::test_evaluate_medication_safety_rules_returns_advisory_warnings PASSED [ 71%]
tests/test_ep04_wave03.py::test_apply_wave03_safety_rules_preserves_existing_and_adds_new PASSED [ 76%]
tests/test_ep04_wave03.py::test_get_pharmacy_review_read_model_is_deterministic PASSED [ 80%]
tests/test_ep04_wave03.py::test_list_reviewable_prescriptions_filters_and_sorts PASSED [ 85%]
tests/test_ep04_wave03.py::test_record_pharmacy_review_decision_records_audit_event_without_state_change PASSED [ 90%]
tests/test_ep04_wave03.py::test_review_decision_requires_pharmacy_role PASSED [ 95%]
tests/test_ep04_wave03.py::test_wave03_audit_and_decision_contracts_are_locked PASSED [100%]

============================== 21 passed in 0.06s ==============================
