============================= test session starts ==============================
platform darwin -- Python 3.14.3, pytest-9.0.2, pluggy-1.6.0 -- /usr/local/opt/python@3.14/bin/python3.14
cachedir: .pytest_cache
rootdir: /Users/waheebmahmoud/dev/petcare-evidence-repository
collecting ... collected 28 items

petcare_runtime/tests/test_ep01_ep02_baseline.py::test_owner_can_view_own_pet_profile PASSED [  3%]
petcare_runtime/tests/test_ep01_ep02_baseline.py::test_vet_denied_without_scope PASSED [  7%]
petcare_runtime/tests/test_ep01_ep02_baseline.py::test_vet_allowed_with_care_delivery_scope PASSED [ 10%]
petcare_runtime/tests/test_ep01_ep02_baseline.py::test_owner_can_create_consent PASSED [ 14%]
petcare_runtime/tests/test_ep01_ep02_baseline.py::test_create_pet_profile_returns_created PASSED [ 17%]
petcare_runtime/tests/test_ep01_ep02_wave_02.py::test_create_vaccination_lab_note_and_document_records PASSED [ 21%]
petcare_runtime/tests/test_ep01_ep02_wave_02.py::test_repository_persists_records PASSED [ 25%]
petcare_runtime/tests/test_ep01_ep02_wave_02.py::test_owner_can_view_document PASSED [ 28%]
petcare_runtime/tests/test_ep01_ep02_wave_02.py::test_vet_can_view_shared_document_with_scope PASSED [ 32%]
petcare_runtime/tests/test_ep01_ep02_wave_02.py::test_vet_denied_document_without_scope PASSED [ 35%]
petcare_runtime/tests/test_ep01_ep02_wave_02.py::test_platform_admin_can_view_document_for_audit PASSED [ 39%]
petcare_runtime/tests/test_ep01_ep02_wave_03.py::test_timeline_can_filter_by_category PASSED [ 42%]
petcare_runtime/tests/test_ep01_ep02_wave_03.py::test_timeline_can_search PASSED [ 46%]
petcare_runtime/tests/test_ep01_ep02_wave_03.py::test_document_validation_rejects_bad_mime_type PASSED [ 50%]
petcare_runtime/tests/test_ep01_ep02_wave_03.py::test_document_validation_rejects_large_document PASSED [ 53%]
petcare_runtime/tests/test_ep01_ep02_wave_03.py::test_prompt_safe_timeline_summary_redacts_sensitive_values PASSED [ 57%]
petcare_runtime/tests/test_ep01_ep02_wave_03.py::test_owner_can_view_timeline_route PASSED [ 60%]
petcare_runtime/tests/test_ep01_ep02_wave_03.py::test_vet_can_get_prompt_safe_summary_with_care_scope PASSED [ 64%]
petcare_runtime/tests/test_ep01_ep02_wave_04.py::test_consent_allows_document_access_active_match PASSED [ 67%]
petcare_runtime/tests/test_ep01_ep02_wave_04.py::test_consent_allows_document_access_revoked_denied PASSED [ 71%]
petcare_runtime/tests/test_ep01_ep02_wave_04.py::test_consent_allows_document_access_wrong_role_denied PASSED [ 75%]
petcare_runtime/tests/test_ep01_ep02_wave_04.py::test_vet_document_access_denied_without_active_consent PASSED [ 78%]
petcare_runtime/tests/test_ep01_ep02_wave_04.py::test_vet_document_access_allowed_with_active_consent PASSED [ 82%]
petcare_runtime/tests/test_ep01_ep02_wave_04.py::test_timeline_pagination_page_1 PASSED [ 85%]
petcare_runtime/tests/test_ep01_ep02_wave_04.py::test_timeline_pagination_page_2 PASSED [ 89%]
petcare_runtime/tests/test_ep01_ep02_wave_04.py::test_timeline_pagination_route_passes_params PASSED [ 92%]
petcare_runtime/tests/test_ep01_ep02_wave_04.py::test_upload_document_owner_valid PASSED [ 96%]
petcare_runtime/tests/test_ep01_ep02_wave_04.py::test_upload_document_rejected_bad_mime PASSED [100%]

============================== 28 passed in 0.27s ==============================
