============================= test session starts ==============================
platform darwin -- Python 3.14.3, pytest-9.0.2, pluggy-1.6.0 -- /usr/local/opt/python@3.14/bin/python3.14
cachedir: .pytest_cache
rootdir: /Users/waheebmahmoud/dev/petcare-evidence-repository/petcare_runtime
collecting ... collected 52 items

tests/test_ep04_wave01.py::test_prescription_authorization_requires_veterinarian_role PASSED [  1%]
tests/test_ep04_wave01.py::test_prescription_authorization_requires_signed_note PASSED [  3%]
tests/test_ep04_wave01.py::test_authorization_adds_advisory_safety_warnings_without_blocking PASSED [  5%]
tests/test_ep04_wave01.py::test_lifecycle_progresses_draft_to_authorized_to_submitted_to_dispensed PASSED [  7%]
tests/test_ep04_wave01.py::test_queue_boundary_returns_authorized_and_submitted_in_deterministic_order PASSED [  9%]
tests/test_ep04_wave01.py::test_cancel_prevents_post_dispense_mutation PASSED [ 11%]
tests/test_ep04_wave01.py::test_audit_contract_contains_expected_events PASSED [ 13%]
tests/test_ep04_wave02.py::test_dose_guardrail_warning PASSED            [ 15%]
tests/test_ep04_wave02.py::test_dose_guardrail_not_added_for_normal_dosage PASSED [ 17%]
tests/test_ep04_wave02.py::test_contraindication_warning_for_steroid PASSED [ 19%]
tests/test_ep04_wave02.py::test_no_contraindication_for_non_steroid PASSED [ 21%]
tests/test_ep04_wave02.py::test_read_model_deterministic PASSED          [ 23%]
tests/test_ep04_wave02.py::test_list_prescriptions_sorted PASSED         [ 25%]
tests/test_ep04_wave03.py::test_build_dose_context_is_deterministic PASSED [ 26%]
tests/test_ep04_wave03.py::test_evaluate_medication_safety_rules_returns_advisory_warnings PASSED [ 28%]
tests/test_ep04_wave03.py::test_apply_wave03_safety_rules_preserves_existing_and_adds_new PASSED [ 30%]
tests/test_ep04_wave03.py::test_get_pharmacy_review_read_model_is_deterministic PASSED [ 32%]
tests/test_ep04_wave03.py::test_list_reviewable_prescriptions_filters_and_sorts PASSED [ 34%]
tests/test_ep04_wave03.py::test_record_pharmacy_review_decision_records_audit_event_without_state_change PASSED [ 36%]
tests/test_ep04_wave03.py::test_review_decision_requires_pharmacy_role PASSED [ 38%]
tests/test_ep04_wave03.py::test_wave03_audit_and_decision_contracts_are_locked PASSED [ 40%]
tests/test_ep04_wave04.py::test_start_pharmacy_review_requires_pharmacy_role PASSED [ 42%]
tests/test_ep04_wave04.py::test_start_pharmacy_review_creates_pending_review_record PASSED [ 44%]
tests/test_ep04_wave04.py::test_progress_review_to_acknowledged_keeps_prescription_boundary_separate PASSED [ 46%]
tests/test_ep04_wave04.py::test_progress_review_to_return_to_vet_is_formalized PASSED [ 48%]
tests/test_ep04_wave04.py::test_review_read_model_is_deterministic PASSED [ 50%]
tests/test_ep04_wave04.py::test_review_listing_is_sorted_deterministically PASSED [ 51%]
tests/test_ep04_wave04.py::test_reason_taxonomy_is_locked PASSED         [ 53%]
tests/test_ep04_wave04.py::test_wave04_audit_contract_is_locked PASSED   [ 55%]
tests/test_ep04_wave05.py::test_build_review_handoff_record_is_deterministic PASSED [ 57%]
tests/test_ep04_wave05.py::test_get_review_handoff_read_model_returns_boundary_only_data PASSED [ 59%]
tests/test_ep04_wave05.py::test_list_review_handoff_records_is_sorted_deterministically PASSED [ 61%]
tests/test_ep04_wave05.py::test_latest_review_decision_summary_returns_last_note_and_outcome PASSED [ 63%]
tests/test_ep04_wave05.py::test_ready_for_dispense_queue_from_reviews_filters_only_ready_reviews PASSED [ 65%]
tests/test_ep04_wave05.py::test_return_to_vet_outcome_is_preserved_in_summary PASSED [ 67%]
tests/test_ep04_wave05.py::test_handoff_requires_matching_prescription_and_review_record PASSED [ 69%]
tests/test_ep04_wave05.py::test_wave05_contracts_are_locked PASSED       [ 71%]
tests/test_ep04_wave06.py::test_review_history_read_model_contains_access_audit PASSED [ 73%]
tests/test_ep04_wave06.py::test_review_timeline_entries_are_deterministic PASSED [ 75%]
tests/test_ep04_wave06.py::test_return_to_vet_follow_up_link_is_formalized PASSED [ 76%]
tests/test_ep04_wave06.py::test_disposition_registry_helper_is_locked PASSED [ 78%]
tests/test_ep04_wave06.py::test_operational_review_status_summary_is_deterministic PASSED [ 80%]
tests/test_ep04_wave06.py::test_return_to_vet_follow_up_requires_identity_match PASSED [ 82%]
tests/test_ep04_wave06.py::test_wave06_contracts_are_locked PASSED       [ 84%]
tests/test_ep04_wave07.py::test_repository_store_and_query PASSED        [ 86%]
tests/test_ep04_wave07.py::test_list_reviews_for_prescription PASSED     [ 88%]
tests/test_ep04_wave08.py::test_wave08_api_surfaces_are_locked PASSED    [ 90%]
tests/test_ep04_wave08.py::test_get_review_context_endpoint_is_read_only PASSED [ 92%]
tests/test_ep04_wave08.py::test_list_reviews_for_prescription_endpoint_returns_count PASSED [ 94%]
tests/test_ep04_wave08.py::test_handoff_and_summary_endpoints_are_read_only PASSED [ 96%]
tests/test_ep04_wave08.py::test_history_timeline_and_follow_up_endpoints_are_read_only PASSED [ 98%]
tests/test_ep04_wave08.py::test_list_handoffs_queue_registry_and_summary_endpoints_are_read_only PASSED [100%]

============================== 52 passed in 0.13s ==============================
