============================= test session starts ==============================
platform darwin -- Python 3.14.3, pytest-9.0.2, pluggy-1.6.0 -- /usr/local/opt/python@3.14/bin/python3.14
cachedir: .pytest_cache
rootdir: /Users/waheebmahmoud/dev/petcare-evidence-repository/petcare_runtime
collecting ... collected 44 items

tests/test_ep04_wave01.py::test_prescription_authorization_requires_veterinarian_role PASSED [  2%]
tests/test_ep04_wave01.py::test_prescription_authorization_requires_signed_note PASSED [  4%]
tests/test_ep04_wave01.py::test_authorization_adds_advisory_safety_warnings_without_blocking PASSED [  6%]
tests/test_ep04_wave01.py::test_lifecycle_progresses_draft_to_authorized_to_submitted_to_dispensed PASSED [  9%]
tests/test_ep04_wave01.py::test_queue_boundary_returns_authorized_and_submitted_in_deterministic_order PASSED [ 11%]
tests/test_ep04_wave01.py::test_cancel_prevents_post_dispense_mutation PASSED [ 13%]
tests/test_ep04_wave01.py::test_audit_contract_contains_expected_events PASSED [ 15%]
tests/test_ep04_wave02.py::test_dose_guardrail_warning PASSED            [ 18%]
tests/test_ep04_wave02.py::test_dose_guardrail_not_added_for_normal_dosage PASSED [ 20%]
tests/test_ep04_wave02.py::test_contraindication_warning_for_steroid PASSED [ 22%]
tests/test_ep04_wave02.py::test_no_contraindication_for_non_steroid PASSED [ 25%]
tests/test_ep04_wave02.py::test_read_model_deterministic PASSED          [ 27%]
tests/test_ep04_wave02.py::test_list_prescriptions_sorted PASSED         [ 29%]
tests/test_ep04_wave03.py::test_build_dose_context_is_deterministic PASSED [ 31%]
tests/test_ep04_wave03.py::test_evaluate_medication_safety_rules_returns_advisory_warnings PASSED [ 34%]
tests/test_ep04_wave03.py::test_apply_wave03_safety_rules_preserves_existing_and_adds_new PASSED [ 36%]
tests/test_ep04_wave03.py::test_get_pharmacy_review_read_model_is_deterministic PASSED [ 38%]
tests/test_ep04_wave03.py::test_list_reviewable_prescriptions_filters_and_sorts PASSED [ 40%]
tests/test_ep04_wave03.py::test_record_pharmacy_review_decision_records_audit_event_without_state_change PASSED [ 43%]
tests/test_ep04_wave03.py::test_review_decision_requires_pharmacy_role PASSED [ 45%]
tests/test_ep04_wave03.py::test_wave03_audit_and_decision_contracts_are_locked PASSED [ 47%]
tests/test_ep04_wave04.py::test_start_pharmacy_review_requires_pharmacy_role PASSED [ 50%]
tests/test_ep04_wave04.py::test_start_pharmacy_review_creates_pending_review_record PASSED [ 52%]
tests/test_ep04_wave04.py::test_progress_review_to_acknowledged_keeps_prescription_boundary_separate PASSED [ 54%]
tests/test_ep04_wave04.py::test_progress_review_to_return_to_vet_is_formalized PASSED [ 56%]
tests/test_ep04_wave04.py::test_review_read_model_is_deterministic PASSED [ 59%]
tests/test_ep04_wave04.py::test_review_listing_is_sorted_deterministically PASSED [ 61%]
tests/test_ep04_wave04.py::test_reason_taxonomy_is_locked PASSED         [ 63%]
tests/test_ep04_wave04.py::test_wave04_audit_contract_is_locked PASSED   [ 65%]
tests/test_ep04_wave05.py::test_build_review_handoff_record_is_deterministic PASSED [ 68%]
tests/test_ep04_wave05.py::test_get_review_handoff_read_model_returns_boundary_only_data PASSED [ 70%]
tests/test_ep04_wave05.py::test_list_review_handoff_records_is_sorted_deterministically PASSED [ 72%]
tests/test_ep04_wave05.py::test_latest_review_decision_summary_returns_last_note_and_outcome PASSED [ 75%]
tests/test_ep04_wave05.py::test_ready_for_dispense_queue_from_reviews_filters_only_ready_reviews PASSED [ 77%]
tests/test_ep04_wave05.py::test_return_to_vet_outcome_is_preserved_in_summary PASSED [ 79%]
tests/test_ep04_wave05.py::test_handoff_requires_matching_prescription_and_review_record PASSED [ 81%]
tests/test_ep04_wave05.py::test_wave05_contracts_are_locked PASSED       [ 84%]
tests/test_ep04_wave06.py::test_review_history_read_model_contains_access_audit PASSED [ 86%]
tests/test_ep04_wave06.py::test_review_timeline_entries_are_deterministic PASSED [ 88%]
tests/test_ep04_wave06.py::test_return_to_vet_follow_up_link_is_formalized PASSED [ 90%]
tests/test_ep04_wave06.py::test_disposition_registry_helper_is_locked PASSED [ 93%]
tests/test_ep04_wave06.py::test_operational_review_status_summary_is_deterministic PASSED [ 95%]
tests/test_ep04_wave06.py::test_return_to_vet_follow_up_requires_identity_match PASSED [ 97%]
tests/test_ep04_wave06.py::test_wave06_contracts_are_locked PASSED       [100%]

============================== 44 passed in 0.10s ==============================
