============================= test session starts ==============================
platform darwin -- Python 3.9.6, pytest-8.4.2, pluggy-1.6.0 -- /Users/waheebmahmoud/dev/petcare-platform/app/backend/.venv/bin/python
cachedir: .pytest_cache
rootdir: /Users/waheebmahmoud/dev/petcare-platform
plugins: anyio-4.12.1, cov-7.1.0
collecting ... collected 6 items

tests/test_phase02_security.py::test_unauthenticated_request_returns_403_and_audit_event PASSED [ 16%]
tests/test_phase02_security.py::test_require_mfa_blocks_request_with_no_token PASSED [ 33%]
tests/test_phase02_security.py::test_require_mfa_blocks_expired_token PASSED [ 50%]
tests/test_phase02_security.py::test_require_mfa_passes_valid_token PASSED [ 66%]
tests/test_phase02_security.py::test_admin_hub_viewed_still_emits_backward_compat PASSED [ 83%]
tests/test_phase02_security.py::test_clinic_role_emits_clinic_admin_viewed PASSED [100%]

============================== 6 passed in 0.92s ===============================
