============================= test session starts ==============================
platform darwin -- Python 3.14.3, pytest-9.0.2, pluggy-1.6.0 -- /usr/local/opt/python@3.14/bin/python3.14
cachedir: .pytest_cache
rootdir: /Users/waheebmahmoud/dev/petcare-evidence-repository
collecting ... collected 52 items

petcare_runtime/tests/test_ep01_ep02_baseline.py::test_owner_can_view_own_pet_profile PASSED [  1%]
petcare_runtime/tests/test_ep01_ep02_baseline.py::test_vet_denied_without_scope PASSED [  3%]
petcare_runtime/tests/test_ep01_ep02_baseline.py::test_vet_allowed_with_care_delivery_scope PASSED [  5%]
petcare_runtime/tests/test_ep01_ep02_baseline.py::test_owner_can_create_consent PASSED [  7%]
petcare_runtime/tests/test_ep01_ep02_baseline.py::test_create_pet_profile_returns_created PASSED [  9%]
petcare_runtime/tests/test_ep01_ep02_wave_02.py::test_create_vaccination_lab_note_and_document_records PASSED [ 11%]
petcare_runtime/tests/test_ep01_ep02_wave_02.py::test_repository_persists_records PASSED [ 13%]
petcare_runtime/tests/test_ep01_ep02_wave_02.py::test_owner_can_view_document PASSED [ 15%]
petcare_runtime/tests/test_ep01_ep02_wave_02.py::test_vet_can_view_shared_document_with_scope PASSED [ 17%]
petcare_runtime/tests/test_ep01_ep02_wave_02.py::test_vet_denied_document_without_scope PASSED [ 19%]
petcare_runtime/tests/test_ep01_ep02_wave_02.py::test_platform_admin_can_view_document_for_audit PASSED [ 21%]
petcare_runtime/tests/test_ep01_ep02_wave_03.py::test_timeline_can_filter_by_category PASSED [ 23%]
petcare_runtime/tests/test_ep01_ep02_wave_03.py::test_timeline_can_search PASSED [ 25%]
petcare_runtime/tests/test_ep01_ep02_wave_03.py::test_document_validation_rejects_bad_mime_type PASSED [ 26%]
petcare_runtime/tests/test_ep01_ep02_wave_03.py::test_document_validation_rejects_large_document PASSED [ 28%]
petcare_runtime/tests/test_ep01_ep02_wave_03.py::test_prompt_safe_timeline_summary_redacts_sensitive_values PASSED [ 30%]
petcare_runtime/tests/test_ep01_ep02_wave_03.py::test_owner_can_view_timeline_route PASSED [ 32%]
petcare_runtime/tests/test_ep01_ep02_wave_03.py::test_vet_can_get_prompt_safe_summary_with_care_scope PASSED [ 34%]
petcare_runtime/tests/test_ep01_ep02_wave_04.py::test_consent_allows_document_access_active_match PASSED [ 36%]
petcare_runtime/tests/test_ep01_ep02_wave_04.py::test_consent_allows_document_access_revoked_denied PASSED [ 38%]
petcare_runtime/tests/test_ep01_ep02_wave_04.py::test_consent_allows_document_access_wrong_role_denied PASSED [ 40%]
petcare_runtime/tests/test_ep01_ep02_wave_04.py::test_vet_document_access_denied_without_active_consent PASSED [ 42%]
petcare_runtime/tests/test_ep01_ep02_wave_04.py::test_vet_document_access_allowed_with_active_consent PASSED [ 44%]
petcare_runtime/tests/test_ep01_ep02_wave_04.py::test_timeline_pagination_page_1 PASSED [ 46%]
petcare_runtime/tests/test_ep01_ep02_wave_04.py::test_timeline_pagination_page_2 PASSED [ 48%]
petcare_runtime/tests/test_ep01_ep02_wave_04.py::test_timeline_pagination_route_passes_params PASSED [ 50%]
petcare_runtime/tests/test_ep01_ep02_wave_04.py::test_upload_document_owner_valid PASSED [ 51%]
petcare_runtime/tests/test_ep01_ep02_wave_04.py::test_upload_document_rejected_bad_mime PASSED [ 53%]
petcare_runtime/tests/test_ep01_ep02_wave_05.py::test_consent_repository_persists_and_lists_records PASSED [ 55%]
petcare_runtime/tests/test_ep01_ep02_wave_05.py::test_latest_document_consent_allows_true PASSED [ 57%]
petcare_runtime/tests/test_ep01_ep02_wave_05.py::test_latest_document_consent_allows_false_without_match PASSED [ 59%]
petcare_runtime/tests/test_ep01_ep02_wave_05.py::test_upload_document_route_success_emits_audit PASSED [ 61%]
petcare_runtime/tests/test_ep01_ep02_wave_05.py::test_upload_document_route_failure_emits_audit_payload PASSED [ 63%]
petcare_runtime/tests/test_ep01_ep02_wave_05.py::test_timeline_page_count_and_order PASSED [ 65%]
petcare_runtime/tests/test_ep01_ep02_wave_06.py::test_latest_active_matching_record_returns_none_when_all_revoked PASSED [ 67%]
petcare_runtime/tests/test_ep01_ep02_wave_06.py::test_latest_active_matching_record_returns_record_when_active PASSED [ 69%]
petcare_runtime/tests/test_ep01_ep02_wave_06.py::test_latest_document_consent_allows_false_after_revocation PASSED [ 71%]
petcare_runtime/tests/test_ep01_ep02_wave_06.py::test_authorize_upload_document_owner_allowed PASSED [ 73%]
petcare_runtime/tests/test_ep01_ep02_wave_06.py::test_authorize_upload_document_vet_allowed_with_care_scope PASSED [ 75%]
petcare_runtime/tests/test_ep01_ep02_wave_06.py::test_upload_document_denied_before_persistence_on_wrong_owner PASSED [ 76%]
petcare_runtime/tests/test_ep01_ep02_wave_06.py::test_audit_event_has_all_required_fields PASSED [ 78%]
petcare_runtime/tests/test_ep01_ep02_wave_06.py::test_timeline_vaccinations_sorted_most_recent_first PASSED [ 80%]
petcare_runtime/tests/test_ep01_ep02_wave_06.py::test_timeline_labs_sorted_most_recent_first PASSED [ 82%]
petcare_runtime/tests/test_ep01_ep02_wave_07.py::test_validate_audit_event_no_errors_on_complete_event PASSED [ 84%]
petcare_runtime/tests/test_ep01_ep02_wave_07.py::test_validate_audit_event_returns_missing_fields PASSED [ 86%]
petcare_runtime/tests/test_ep01_ep02_wave_07.py::test_serialize_audit_event_keys_are_sorted PASSED [ 88%]
petcare_runtime/tests/test_ep01_ep02_wave_07.py::test_serialize_audit_event_is_deterministic_across_calls PASSED [ 90%]
petcare_runtime/tests/test_ep01_ep02_wave_07.py::test_required_audit_fields_constant_is_non_empty PASSED [ 92%]
petcare_runtime/tests/test_ep01_ep02_wave_07.py::test_list_history_for_pet_includes_revoked_entries PASSED [ 94%]
petcare_runtime/tests/test_ep01_ep02_wave_07.py::test_list_history_for_pet_includes_active_and_revoked PASSED [ 96%]
petcare_runtime/tests/test_ep01_ep02_wave_07.py::test_get_document_vet_allowed_when_active_consent_exists PASSED [ 98%]
petcare_runtime/tests/test_ep01_ep02_wave_07.py::test_get_document_vet_denied_when_consent_revoked PASSED [100%]

============================== 52 passed in 0.53s ==============================
