============================= test session starts ==============================
platform darwin -- Python 3.14.3, pytest-9.0.2, pluggy-1.6.0 -- /usr/local/opt/python@3.14/bin/python3.14
cachedir: .pytest_cache
rootdir: /Users/waheebmahmoud/dev/petcare-evidence-repository
collecting ... collected 84 items

petcare_runtime/tests/test_ep01_ep02_baseline.py::test_owner_can_view_own_pet_profile PASSED [  1%]
petcare_runtime/tests/test_ep01_ep02_baseline.py::test_vet_denied_without_scope PASSED [  2%]
petcare_runtime/tests/test_ep01_ep02_baseline.py::test_vet_allowed_with_care_delivery_scope PASSED [  3%]
petcare_runtime/tests/test_ep01_ep02_baseline.py::test_owner_can_create_consent PASSED [  4%]
petcare_runtime/tests/test_ep01_ep02_baseline.py::test_create_pet_profile_returns_created PASSED [  5%]
petcare_runtime/tests/test_ep01_ep02_wave_02.py::test_create_vaccination_lab_note_and_document_records PASSED [  7%]
petcare_runtime/tests/test_ep01_ep02_wave_02.py::test_repository_persists_records PASSED [  8%]
petcare_runtime/tests/test_ep01_ep02_wave_02.py::test_owner_can_view_document PASSED [  9%]
petcare_runtime/tests/test_ep01_ep02_wave_02.py::test_vet_can_view_shared_document_with_scope PASSED [ 10%]
petcare_runtime/tests/test_ep01_ep02_wave_02.py::test_vet_denied_document_without_scope PASSED [ 11%]
petcare_runtime/tests/test_ep01_ep02_wave_02.py::test_platform_admin_can_view_document_for_audit PASSED [ 13%]
petcare_runtime/tests/test_ep01_ep02_wave_03.py::test_timeline_can_filter_by_category PASSED [ 14%]
petcare_runtime/tests/test_ep01_ep02_wave_03.py::test_timeline_can_search PASSED [ 15%]
petcare_runtime/tests/test_ep01_ep02_wave_03.py::test_document_validation_rejects_bad_mime_type PASSED [ 16%]
petcare_runtime/tests/test_ep01_ep02_wave_03.py::test_document_validation_rejects_large_document PASSED [ 17%]
petcare_runtime/tests/test_ep01_ep02_wave_03.py::test_prompt_safe_timeline_summary_redacts_sensitive_values PASSED [ 19%]
petcare_runtime/tests/test_ep01_ep02_wave_03.py::test_owner_can_view_timeline_route PASSED [ 20%]
petcare_runtime/tests/test_ep01_ep02_wave_03.py::test_vet_can_get_prompt_safe_summary_with_care_scope PASSED [ 21%]
petcare_runtime/tests/test_ep01_ep02_wave_04.py::test_consent_allows_document_access_active_match PASSED [ 22%]
petcare_runtime/tests/test_ep01_ep02_wave_04.py::test_consent_allows_document_access_revoked_denied PASSED [ 23%]
petcare_runtime/tests/test_ep01_ep02_wave_04.py::test_consent_allows_document_access_wrong_role_denied PASSED [ 25%]
petcare_runtime/tests/test_ep01_ep02_wave_04.py::test_vet_document_access_denied_without_active_consent PASSED [ 26%]
petcare_runtime/tests/test_ep01_ep02_wave_04.py::test_vet_document_access_allowed_with_active_consent PASSED [ 27%]
petcare_runtime/tests/test_ep01_ep02_wave_04.py::test_timeline_pagination_page_1 PASSED [ 28%]
petcare_runtime/tests/test_ep01_ep02_wave_04.py::test_timeline_pagination_page_2 PASSED [ 29%]
petcare_runtime/tests/test_ep01_ep02_wave_04.py::test_timeline_pagination_route_passes_params PASSED [ 30%]
petcare_runtime/tests/test_ep01_ep02_wave_04.py::test_upload_document_owner_valid PASSED [ 32%]
petcare_runtime/tests/test_ep01_ep02_wave_04.py::test_upload_document_rejected_bad_mime PASSED [ 33%]
petcare_runtime/tests/test_ep01_ep02_wave_05.py::test_consent_repository_persists_and_lists_records PASSED [ 34%]
petcare_runtime/tests/test_ep01_ep02_wave_05.py::test_latest_document_consent_allows_true PASSED [ 35%]
petcare_runtime/tests/test_ep01_ep02_wave_05.py::test_latest_document_consent_allows_false_without_match PASSED [ 36%]
petcare_runtime/tests/test_ep01_ep02_wave_05.py::test_upload_document_route_success_emits_audit PASSED [ 38%]
petcare_runtime/tests/test_ep01_ep02_wave_05.py::test_upload_document_route_failure_emits_audit_payload PASSED [ 39%]
petcare_runtime/tests/test_ep01_ep02_wave_05.py::test_timeline_page_count_and_order PASSED [ 40%]
petcare_runtime/tests/test_ep01_ep02_wave_06.py::test_latest_active_matching_record_returns_none_when_all_revoked PASSED [ 41%]
petcare_runtime/tests/test_ep01_ep02_wave_06.py::test_latest_active_matching_record_returns_record_when_active PASSED [ 42%]
petcare_runtime/tests/test_ep01_ep02_wave_06.py::test_latest_document_consent_allows_false_after_revocation PASSED [ 44%]
petcare_runtime/tests/test_ep01_ep02_wave_06.py::test_authorize_upload_document_owner_allowed PASSED [ 45%]
petcare_runtime/tests/test_ep01_ep02_wave_06.py::test_authorize_upload_document_vet_allowed_with_care_scope PASSED [ 46%]
petcare_runtime/tests/test_ep01_ep02_wave_06.py::test_upload_document_denied_before_persistence_on_wrong_owner PASSED [ 47%]
petcare_runtime/tests/test_ep01_ep02_wave_06.py::test_audit_event_has_all_required_fields PASSED [ 48%]
petcare_runtime/tests/test_ep01_ep02_wave_06.py::test_timeline_vaccinations_sorted_most_recent_first PASSED [ 50%]
petcare_runtime/tests/test_ep01_ep02_wave_06.py::test_timeline_labs_sorted_most_recent_first PASSED [ 51%]
petcare_runtime/tests/test_ep01_ep02_wave_07.py::test_validate_audit_event_no_errors_on_complete_event PASSED [ 52%]
petcare_runtime/tests/test_ep01_ep02_wave_07.py::test_validate_audit_event_returns_missing_fields PASSED [ 53%]
petcare_runtime/tests/test_ep01_ep02_wave_07.py::test_serialize_audit_event_keys_are_sorted PASSED [ 54%]
petcare_runtime/tests/test_ep01_ep02_wave_07.py::test_serialize_audit_event_is_deterministic_across_calls PASSED [ 55%]
petcare_runtime/tests/test_ep01_ep02_wave_07.py::test_required_audit_fields_constant_is_non_empty PASSED [ 57%]
petcare_runtime/tests/test_ep01_ep02_wave_07.py::test_list_history_for_pet_includes_revoked_entries PASSED [ 58%]
petcare_runtime/tests/test_ep01_ep02_wave_07.py::test_list_history_for_pet_includes_active_and_revoked PASSED [ 59%]
petcare_runtime/tests/test_ep01_ep02_wave_07.py::test_get_document_vet_allowed_when_active_consent_exists PASSED [ 60%]
petcare_runtime/tests/test_ep01_ep02_wave_07.py::test_get_document_vet_denied_when_consent_revoked PASSED [ 61%]
petcare_runtime/tests/test_ep03_wave_01.py::test_allowed_session_transitions_are_deterministic PASSED [ 63%]
petcare_runtime/tests/test_ep03_wave_01.py::test_request_consultation_creates_requested_state PASSED [ 64%]
petcare_runtime/tests/test_ep03_wave_01.py::test_start_consultation_transitions_to_active PASSED [ 65%]
petcare_runtime/tests/test_ep03_wave_01.py::test_cancel_consultation_from_requested PASSED [ 66%]
petcare_runtime/tests/test_ep03_wave_01.py::test_cancel_consultation_from_active PASSED [ 67%]
petcare_runtime/tests/test_ep03_wave_01.py::test_invalid_transition_completed_to_active_raises PASSED [ 69%]
petcare_runtime/tests/test_ep03_wave_01.py::test_create_draft_note_is_in_draft_state PASSED [ 70%]
petcare_runtime/tests/test_ep03_wave_01.py::test_update_draft_note_mutates_content PASSED [ 71%]
petcare_runtime/tests/test_ep03_wave_01.py::test_signed_note_mutation_raises PASSED [ 72%]
petcare_runtime/tests/test_ep03_wave_01.py::test_sign_note_transitions_to_signed PASSED [ 73%]
petcare_runtime/tests/test_ep03_wave_01.py::test_sign_note_twice_raises PASSED [ 75%]
petcare_runtime/tests/test_ep03_wave_01.py::test_sign_consultation_note_denied_for_non_vet PASSED [ 76%]
petcare_runtime/tests/test_ep03_wave_01.py::test_sign_consultation_note_allowed_for_vet PASSED [ 77%]
petcare_runtime/tests/test_ep03_wave_01.py::test_complete_consultation_denied_without_signed_note PASSED [ 78%]
petcare_runtime/tests/test_ep03_wave_01.py::test_complete_consultation_allowed_after_signed_note PASSED [ 79%]
petcare_runtime/tests/test_ep03_wave_01.py::test_request_escalation_sets_flag_on_active_session PASSED [ 80%]
petcare_runtime/tests/test_ep03_wave_01.py::test_request_escalation_raises_when_not_active PASSED [ 82%]
petcare_runtime/tests/test_ep03_wave_02.py::test_consultation_audit_events_constant_is_complete PASSED [ 83%]
petcare_runtime/tests/test_ep03_wave_02.py::test_ep03_audit_event_passes_required_fields_validation PASSED [ 84%]
petcare_runtime/tests/test_ep03_wave_02.py::test_ep03_audit_serialization_keys_sorted PASSED [ 85%]
petcare_runtime/tests/test_ep03_wave_02.py::test_list_sessions_for_pet_returns_sessions_for_correct_pet PASSED [ 86%]
petcare_runtime/tests/test_ep03_wave_02.py::test_get_consultation_session_route_allowed_for_vet PASSED [ 88%]
petcare_runtime/tests/test_ep03_wave_02.py::test_get_consultation_session_route_denied_wrong_tenant PASSED [ 89%]
petcare_runtime/tests/test_ep03_wave_02.py::test_list_consultation_sessions_allowed_for_owner PASSED [ 90%]
petcare_runtime/tests/test_ep03_wave_02.py::test_list_consultation_notes_route_returns_read_models PASSED [ 91%]
petcare_runtime/tests/test_ep03_wave_02.py::test_signed_note_read_model_has_read_only_true PASSED [ 92%]
petcare_runtime/tests/test_ep03_wave_02.py::test_draft_note_read_model_has_read_only_false PASSED [ 94%]
petcare_runtime/tests/test_ep03_wave_02.py::test_signed_note_read_model_keys_are_sorted PASSED [ 95%]
petcare_runtime/tests/test_ep03_wave_02.py::test_invalid_transition_cancelled_to_active_raises PASSED [ 96%]
petcare_runtime/tests/test_ep03_wave_02.py::test_invalid_transition_completed_to_cancelled_raises PASSED [ 97%]
petcare_runtime/tests/test_ep03_wave_02.py::test_update_note_via_route_denied_when_signed PASSED [ 98%]
petcare_runtime/tests/test_ep03_wave_02.py::test_request_escalation_does_not_change_session_status PASSED [100%]

============================== 84 passed in 0.70s ==============================
